e:\hvpp\src\cheatui\x64\debug\cheatui.pch
e:\hvpp\src\cheatui\x64\debug\vc142.pdb
e:\hvpp\src\cheatui\x64\debug\vc142.idb
e:\hvpp\src\cheatui\x64\debug\pch.obj
e:\hvpp\src\cheatui\x64\debug\util.obj
e:\hvpp\src\cheatui\x64\debug\settings.obj
e:\hvpp\src\cheatui\x64\debug\pebhider.obj
e:\hvpp\src\cheatui\x64\debug\peb.obj
e:\hvpp\src\cheatui\x64\debug\osinfo.obj
e:\hvpp\src\cheatui\x64\debug\regedit.obj
e:\hvpp\src\cheatui\x64\debug\login.obj
e:\hvpp\src\cheatui\x64\debug\llist.obj
e:\hvpp\src\cheatui\x64\debug\libpe.obj
e:\hvpp\src\cheatui\x64\debug\htable.obj
e:\hvpp\src\cheatui\x64\debug\isbeingdebuged.obj
e:\hvpp\src\cheatui\x64\debug\injection.obj
e:\hvpp\src\cheatui\x64\debug\cheatui.obj
e:\hvpp\src\cheatui\x64\debug\cbigint.obj
e:\hvpp\src\cheatui\x64\debug\basicinfo.obj
e:\hvpp\src\cheatui\x64\debug\memorymodule.obj
e:\hvpp\bin\x64\debug\cheatui.exe
e:\hvpp\bin\x64\debug\cheatui.ilk
e:\hvpp\bin\x64\debug\cheatui.pdb
e:\hvpp\src\cheatui\x64\debug\cheatui.res
e:\hvpp\src\cheatui\x64\debug\cheatui.tlog\cl.command.1.tlog
e:\hvpp\src\cheatui\x64\debug\cheatui.tlog\cl.read.1.tlog
e:\hvpp\src\cheatui\x64\debug\cheatui.tlog\cl.write.1.tlog
e:\hvpp\src\cheatui\x64\debug\cheatui.tlog\link.command.1.tlog
e:\hvpp\src\cheatui\x64\debug\cheatui.tlog\link.read.1.tlog
e:\hvpp\src\cheatui\x64\debug\cheatui.tlog\link.write.1.tlog
e:\hvpp\src\cheatui\x64\debug\cheatui.tlog\rc.command.1.tlog
e:\hvpp\src\cheatui\x64\debug\cheatui.tlog\rc.read.1.tlog
e:\hvpp\src\cheatui\x64\debug\cheatui.tlog\rc.write.1.tlog
