e:\hvpp\xinyivmm\x64\release\regedit.obj
e:\hvpp\xinyivmm\x64\release\main.obj
e:\hvpp\xinyivmm\x64\release\user.obj
e:\hvpp\xinyivmm\x64\release\basicinfo.obj
e:\hvpp\xinyivmm\x64\release\pebhider.obj
e:\hvpp\xinyivmm\x64\release\util.obj
e:\hvpp\xinyivmm\x64\release\isbeingdebuged.obj
e:\hvpp\xinyivmm\x64\release\osinfo.obj
e:\hvpp\xinyivmm\x64\release\xinyivmm.obj
e:\hvpp\xinyivmm\x64\release\peb.obj
e:\hvpp\xinyivmm\x64\release\qtvars_plugin_import.obj
e:\hvpp\xinyivmm\x64\release\qrc_xinyivmm.obj
e:\hvpp\xinyivmm\x64\release\moc_xinyivmm.obj
e:\hvpp\bin\x64\release\xinyivmm.exe
e:\hvpp\xinyivmm\x64\release\moc\moc_xinyivmm.cpp
e:\hvpp\xinyivmm\x64\release\xinyivmm.res
e:\hvpp\xinyivmm\x64\release\rcc\qrc_xinyivmm.cpp
e:\hvpp\xinyivmm\x64\release\uic\ui_xinyivmm.h
e:\hvpp\xinyivmm\x64\release\xinyivmm.tlog\cl.11036.write.1.tlog
e:\hvpp\xinyivmm\x64\release\xinyivmm.tlog\cl.command.1.tlog
e:\hvpp\xinyivmm\x64\release\xinyivmm.tlog\cl.read.1.tlog
e:\hvpp\xinyivmm\x64\release\xinyivmm.tlog\link.command.1.tlog
e:\hvpp\xinyivmm\x64\release\xinyivmm.tlog\link.read.1.tlog
e:\hvpp\xinyivmm\x64\release\xinyivmm.tlog\link.write.1.tlog
e:\hvpp\xinyivmm\x64\release\xinyivmm.tlog\moc.read.1u.tlog
e:\hvpp\xinyivmm\x64\release\xinyivmm.tlog\moc.write.1u.tlog
e:\hvpp\xinyivmm\x64\release\xinyivmm.tlog\rc.command.1.tlog
e:\hvpp\xinyivmm\x64\release\xinyivmm.tlog\rc.read.1.tlog
e:\hvpp\xinyivmm\x64\release\xinyivmm.tlog\rc.write.1.tlog
e:\hvpp\xinyivmm\x64\release\xinyivmm.tlog\rcc.read.1u.tlog
e:\hvpp\xinyivmm\x64\release\xinyivmm.tlog\rcc.write.1u.tlog
e:\hvpp\xinyivmm\x64\release\xinyivmm.tlog\uic.read.1u.tlog
e:\hvpp\xinyivmm\x64\release\xinyivmm.tlog\uic.write.1u.tlog
e:\hvpp\xinyivmm\x64\release\xinyivmm.tlog\xinyivmm.write.1u.tlog
