e:\hvpp\xinyivmm\x64\debug\xinyivmm.obj
e:\hvpp\xinyivmm\x64\debug\main.obj
e:\hvpp\xinyivmm\x64\debug\basicinfo.obj
e:\hvpp\xinyivmm\x64\debug\pebhider.obj
e:\hvpp\xinyivmm\x64\debug\peb.obj
e:\hvpp\xinyivmm\x64\debug\user32loader.obj
e:\hvpp\xinyivmm\x64\debug\settings.obj
e:\hvpp\xinyivmm\x64\debug\util.obj
e:\hvpp\xinyivmm\x64\debug\osinfo.obj
e:\hvpp\xinyivmm\x64\debug\regedit.obj
e:\hvpp\xinyivmm\x64\debug\user.obj
e:\hvpp\xinyivmm\x64\debug\isbeingdebuged.obj
e:\hvpp\xinyivmm\x64\debug\qtvars_plugin_import.obj
e:\hvpp\xinyivmm\x64\debug\moc_xinyivmm.obj
e:\hvpp\xinyivmm\x64\debug\qrc_xinyivmm.obj
e:\hvpp\xinyivmm\x64\debug\clibpe.obj
e:\hvpp\xinyivmm\x64\debug\vc142.pdb
e:\hvpp\bin\x64\debug\xinyivmm.exe
e:\hvpp\bin\x64\debug\xinyivmm.ilk
e:\hvpp\bin\x64\debug\xinyivmm.pdb
e:\hvpp\xinyivmm\x64\debug\moc\moc_xinyivmm.cpp
e:\hvpp\xinyivmm\x64\debug\xinyivmm.res
e:\hvpp\xinyivmm\x64\debug\rcc\qrc_xinyivmm.cpp
e:\hvpp\xinyivmm\x64\debug\uic\ui_xinyivmm.h
e:\hvpp\bin\x64\debug\xinyivmm.lib
e:\hvpp\bin\x64\debug\xinyivmm.exp
e:\hvpp\xinyivmm\x64\debug\logger.obj
e:\hvpp\xinyivmm\x64\debug\xinyivmm.tlog\cl.command.1.tlog
e:\hvpp\xinyivmm\x64\debug\xinyivmm.tlog\cl.read.1.tlog
e:\hvpp\xinyivmm\x64\debug\xinyivmm.tlog\cl.write.1.tlog
e:\hvpp\xinyivmm\x64\debug\xinyivmm.tlog\link.command.1.tlog
e:\hvpp\xinyivmm\x64\debug\xinyivmm.tlog\link.read.1.tlog
e:\hvpp\xinyivmm\x64\debug\xinyivmm.tlog\link.write.1.tlog
e:\hvpp\xinyivmm\x64\debug\xinyivmm.tlog\moc.read.1u.tlog
e:\hvpp\xinyivmm\x64\debug\xinyivmm.tlog\moc.write.1u.tlog
e:\hvpp\xinyivmm\x64\debug\xinyivmm.tlog\rc.command.1.tlog
e:\hvpp\xinyivmm\x64\debug\xinyivmm.tlog\rc.read.1.tlog
e:\hvpp\xinyivmm\x64\debug\xinyivmm.tlog\rc.write.1.tlog
e:\hvpp\xinyivmm\x64\debug\xinyivmm.tlog\rcc.read.1u.tlog
e:\hvpp\xinyivmm\x64\debug\xinyivmm.tlog\rcc.write.1u.tlog
e:\hvpp\xinyivmm\x64\debug\xinyivmm.tlog\uic.read.1u.tlog
e:\hvpp\xinyivmm\x64\debug\xinyivmm.tlog\uic.write.1u.tlog
e:\hvpp\xinyivmm\x64\debug\xinyivmm.tlog\xinyivmm.write.1u.tlog
