e:\hvpp\src\cheatui\x64\release\cheatui.pch
e:\hvpp\src\cheatui\x64\release\vc142.pdb
e:\hvpp\src\cheatui\x64\release\pch.obj
e:\hvpp\src\cheatui\x64\release\util.obj
e:\hvpp\src\cheatui\x64\release\settings.obj
e:\hvpp\src\cheatui\x64\release\pebhider.obj
e:\hvpp\src\cheatui\x64\release\peb.obj
e:\hvpp\src\cheatui\x64\release\osinfo.obj
e:\hvpp\src\cheatui\x64\release\regedit.obj
e:\hvpp\src\cheatui\x64\release\login.obj
e:\hvpp\src\cheatui\x64\release\llist.obj
e:\hvpp\src\cheatui\x64\release\libpe.obj
e:\hvpp\src\cheatui\x64\release\htable.obj
e:\hvpp\src\cheatui\x64\release\isbeingdebuged.obj
e:\hvpp\src\cheatui\x64\release\injection.obj
e:\hvpp\src\cheatui\x64\release\cheatui.obj
e:\hvpp\src\cheatui\x64\release\cbigint.obj
e:\hvpp\src\cheatui\x64\release\basicinfo.obj
e:\hvpp\src\cheatui\x64\release\memorymodule.obj
e:\hvpp\bin\x64\release\cheatui.exe
e:\hvpp\bin\x64\release\cheatui.pdb
e:\hvpp\src\cheatui\x64\release\cheatui.res
e:\hvpp\src\cheatui\x64\release\cheatui.tlog\cl.command.1.tlog
e:\hvpp\src\cheatui\x64\release\cheatui.tlog\cl.read.1.tlog
e:\hvpp\src\cheatui\x64\release\cheatui.tlog\cl.write.1.tlog
e:\hvpp\src\cheatui\x64\release\cheatui.tlog\link.command.1.tlog
e:\hvpp\src\cheatui\x64\release\cheatui.tlog\link.read.1.tlog
e:\hvpp\src\cheatui\x64\release\cheatui.tlog\link.write.1.tlog
e:\hvpp\src\cheatui\x64\release\cheatui.tlog\rc.command.1.tlog
e:\hvpp\src\cheatui\x64\release\cheatui.tlog\rc.read.1.tlog
e:\hvpp\src\cheatui\x64\release\cheatui.tlog\rc.write.1.tlog
